freakyfier.obj : error LNK2019: unresolved external symbol "void __cdecl wxOnAssert(char const *,int,char const *,char const *,char const *)" (?wxOnAssert@@YAXPEBDH000@Z) referenced in function "public: __cdecl wxEventFunctorMethod<class wxEventTypeTag<class wxCommandEvent>,class MyFrame,class wxCommandEvent,class MyFrame>::wxEventFunctorMethod<class wxEventTypeTag<class wxCommandEvent>,class MyFrame,class wxCommandEvent,class MyFrame>(void (__cdecl MyFrame::*)(class wxCommandEvent &),class MyFrame *)" (??0?$wxEventFunctorMethod@V?$wxEventTypeTag@VwxCommandEvent@@@@VMyFrame@@VwxCommandEvent@@V2@@@QEAA@P8MyFrame@@EAAXAEAVwxCommandEvent@@@ZPEAV1@@Z)
freakyfier.obj : error LNK2019: unresolved external symbol "void __cdecl wxOnAssert(char const *,int,char const *,char const *,wchar_t const *)" (?wxOnAssert@@YAXPEBDH00PEB_W@Z) referenced in function "public: __cdecl wxBoxSizer::wxBoxSizer(int)" (??0wxBoxSizer@@QEAA@H@Z)
freakyfier.obj : error LNK2019: unresolved external symbol "struct wxPrivate::UntypedBufferData * __cdecl wxPrivate::GetUntypedNullData(void)" (?GetUntypedNullData@wxPrivate@@YAPEAUUntypedBufferData@1@XZ) referenced in function "protected: static struct wxScopedCharTypeBuffer<wchar_t>::Data * __cdecl wxScopedCharTypeBuffer<wchar_t>::GetNullData(void)" (?GetNullData@?$wxScopedCharTypeBuffer@_W@@KAPEAUData@1@XZ)
freakyfier.obj : error LNK2019: unresolved external symbol "class wxMBConv * __cdecl wxGet_wxConvLibcPtr(void)" (?wxGet_wxConvLibcPtr@@YAPEAVwxMBConv@@XZ) referenced in function "class wxMBConv & __cdecl wxGet_wxConvLibc(void)" (?wxGet_wxConvLibc@@YAAEAVwxMBConv@@XZ)
freakyfier.obj : error LNK2019: unresolved external symbol "public: static struct wxStringOperationsWchar::Utf16CharBuffer __cdecl wxStringOperationsWchar::EncodeChar(class wxUniChar const &)" (?EncodeChar@wxStringOperationsWchar@@SA?AUUtf16CharBuffer@1@AEBVwxUniChar@@@Z) referenced in function "public: class wxString & __cdecl wxString::operator+=(class wxUniChar)" (??YwxString@@QEAAAEAV0@VwxUniChar@@@Z)
freakyfier.obj : error LNK2019: unresolved external symbol "private: static struct wxString::SubstrBufFromType<class wxScopedCharTypeBuffer<wchar_t> > __cdecl wxString::ConvertStr(char const *,unsigned __int64,class wxMBConv const &)" (?ConvertStr@wxString@@CA?AU?$SubstrBufFromType@V?$wxScopedCharTypeBuffer@_W@@@1@PEBD_KAEBVwxMBConv@@@Z) referenced in function "private: static class wxScopedCharTypeBuffer<wchar_t> __cdecl wxString::ImplStr(char const *,class wxMBConv const &)" (?ImplStr@wxString@@CA?AV?$wxScopedCharTypeBuffer@_W@@PEBDAEBVwxMBConv@@@Z)
freakyfier.obj : error LNK2019: unresolved external symbol "public: static class wxString __cdecl wxString::FromAscii(char const *)" (?FromAscii@wxString@@SA?AV1@PEBD@Z) referenced in function "public: __cdecl MyFrame::MyFrame(void)" (??0MyFrame@@QEAA@XZ)
freakyfier.obj : error LNK2019: unresolved external symbol "public: void __cdecl wxObject::Ref(class wxObject const &)" (?Ref@wxObject@@QEAAXAEBV1@@Z) referenced in function "public: class wxObject & __cdecl wxObject::operator=(class wxObject const &)" (??4wxObject@@QEAAAEAV0@AEBV0@@Z)
freakyfier.obj : error LNK2019: unresolved external symbol "public: void __cdecl wxObject::UnRef(void)" (?UnRef@wxObject@@QEAAXXZ) referenced in function "public: virtual __cdecl wxObject::~wxObject(void)" (??1wxObject@@UEAA@XZ)
freakyfier.obj : error LNK2001: unresolved external symbol "public: virtual class wxClassInfo * __cdecl wxObject::GetClassInfo(void)const " (?GetClassInfo@wxObject@@UEBAPEAVwxClassInfo@@XZ)
freakyfier.obj : error LNK2001: unresolved external symbol "protected: virtual class wxRefCounter * __cdecl wxObject::CreateRefData(void)const " (?CreateRefData@wxObject@@MEBAPEAVwxRefCounter@@XZ)
freakyfier.obj : error LNK2001: unresolved external symbol "protected: virtual class wxRefCounter * __cdecl wxObject::CloneRefData(class wxRefCounter const *)const " (?CloneRefData@wxObject@@MEBAPEAVwxRefCounter@@PEBV2@@Z)
freakyfier.obj : error LNK2019: unresolved external symbol "public: __cdecl wxNodeBase::wxNodeBase(class wxListBase *,class wxNodeBase *,class wxNodeBase *,void *,class wxListKey const &)" (??0wxNodeBase@@QEAA@PEAVwxListBase@@PEAV0@1PEAXAEBVwxListKey@@@Z) referenced in function "public: __cdecl wxwxSizerItemListNode::wxwxSizerItemListNode(class wxListBase *,class wxwxSizerItemListNode *,class wxwxSizerItemListNode *,class wxSizerItem *,class wxListKey const &)" (??0wxwxSizerItemListNode@@QEAA@PEAVwxListBase@@PEAV0@1PEAVwxSizerItem@@AEBVwxListKey@@@Z)
freakyfier.obj : error LNK2019: unresolved external symbol "public: virtual __cdecl wxNodeBase::~wxNodeBase(void)" (??1wxNodeBase@@UEAA@XZ) referenced in function "public: virtual __cdecl wxwxSizerItemListNode::~wxwxSizerItemListNode(void)" (??1wxwxSizerItemListNode@@UEAA@XZ)
freakyfier.obj : error LNK2019: unresolved external symbol "public: virtual __cdecl wxListBase::~wxListBase(void)" (??1wxListBase@@UEAA@XZ) referenced in function "public: virtual __cdecl wxSizerItemList::~wxSizerItemList(void)" (??1wxSizerItemList@@UEAA@XZ)
freakyfier.obj : error LNK2019: unresolved external symbol "protected: class wxNodeBase * __cdecl wxListBase::Find(class wxListKey const &)const " (?Find@wxListBase@@IEBAPEAVwxNodeBase@@AEBVwxListKey@@@Z) referenced in function "public: virtual class wxwxSizerItemListNode * __cdecl wxSizerItemList::Find(class wxListKey const &)const " (?Find@wxSizerItemList@@UEBAPEAVwxwxSizerItemListNode@@AEBVwxListKey@@@Z)
freakyfier.obj : error LNK2019: unresolved external symbol "private: void __cdecl wxListBase::Init(enum wxKeyType)" (?Init@wxListBase@@AEAAXW4wxKeyType@@@Z) referenced in function "public: __cdecl wxListBase::wxListBase(enum wxKeyType)" (??0wxListBase@@QEAA@W4wxKeyType@@@Z)
freakyfier.obj : error LNK2019: unresolved external symbol "public: __cdecl wxClientDataContainer::wxClientDataContainer(void)" (??0wxClientDataContainer@@QEAA@XZ) referenced in function "public: __cdecl wxSizer::wxSizer(void)" (??0wxSizer@@QEAA@XZ)
freakyfier.obj : error LNK2019: unresolved external symbol "public: virtual __cdecl wxClientDataContainer::~wxClientDataContainer(void)" (??1wxClientDataContainer@@UEAA@XZ) referenced in function "int `public: __cdecl wxSizer::wxSizer(void)'::`1'::dtor$1" (?dtor$1@?0???0wxSizer@@QEAA@XZ@4HA)
freakyfier.obj : error LNK2001: unresolved external symbol "protected: virtual void __cdecl wxClientDataContainer::DoSetClientObject(class wxClientData *)" (?DoSetClientObject@wxClientDataContainer@@MEAAXPEAVwxClientData@@@Z)
freakyfier.obj : error LNK2001: unresolved external symbol "protected: virtual class wxClientData * __cdecl wxClientDataContainer::DoGetClientObject(void)const " (?DoGetClientObject@wxClientDataContainer@@MEBAPEAVwxClientData@@XZ)
freakyfier.obj : error LNK2001: unresolved external symbol "protected: virtual void __cdecl wxClientDataContainer::DoSetClientData(void *)" (?DoSetClientData@wxClientDataContainer@@MEAAXPEAX@Z)
freakyfier.obj : error LNK2001: unresolved external symbol "protected: virtual void * __cdecl wxClientDataContainer::DoGetClientData(void)const " (?DoGetClientData@wxClientDataContainer@@MEBAPEAXXZ)
freakyfier.obj : error LNK2019: unresolved external symbol "public: virtual __cdecl wxEventFunctor::~wxEventFunctor(void)" (??1wxEventFunctor@@UEAA@XZ) referenced in function "int `public: __cdecl wxEventFunctorMethod<class wxEventTypeTag<class wxCommandEvent>,class MyFrame,class wxCommandEvent,class MyFrame>::wxEventFunctorMethod<class wxEventTypeTag<class wxCommandEvent>,class MyFrame,class wxCommandEvent,class MyFrame>(void (__cdecl MyFrame::*)(class wxCommandEvent &),class wxEventFunctorMethod<class wxEventTypeTag<class wxCommandEvent>,class MyFrame,class wxCommandEvent,class MyFrame> *)'::`1'::dtor$0" (?dtor$0@?0???0?$wxEventFunctorMethod@V?$wxEventTypeTag@VwxCommandEvent@@@@VMyFrame@@VwxCommandEvent@@V2@@@QEAA@P8MyFrame@@EAAXAEAVwxCommandEvent@@@ZPEAV1@@Z@4HA)
freakyfier.obj : error LNK2001: unresolved external symbol "public: virtual bool __cdecl wxEvtHandler::ProcessEvent(class wxEvent &)" (?ProcessEvent@wxEvtHandler@@UEAA_NAEAVwxEvent@@@Z)
freakyfier.obj : error LNK2001: unresolved external symbol "public: virtual void __cdecl wxEvtHandler::QueueEvent(class wxEvent *)" (?QueueEvent@wxEvtHandler@@UEAAXPEAVwxEvent@@@Z)
freakyfier.obj : error LNK2001: unresolved external symbol "public: virtual bool __cdecl wxEvtHandler::SearchEventTable(struct wxEventTable &,class wxEvent &)" (?SearchEventTable@wxEvtHandler@@UEAA_NAEAUwxEventTable@@AEAVwxEvent@@@Z)
freakyfier.obj : error LNK2019: unresolved external symbol "private: void __cdecl wxEvtHandler::DoBind(int,int,int,class wxEventFunctor *,class wxObject *)" (?DoBind@wxEvtHandler@@AEAAXHHHPEAVwxEventFunctor@@PEAVwxObject@@@Z) referenced in function "public: void __cdecl wxEvtHandler::Bind<class wxEventTypeTag<class wxCommandEvent>,class MyFrame,class wxCommandEvent,class MyFrame>(class wxEventTypeTag<class wxCommandEvent> const &,void (__cdecl MyFrame::*)(class wxCommandEvent &),class MyFrame *,int,int,class wxObject *)" (??$Bind@V?$wxEventTypeTag@VwxCommandEvent@@@@VMyFrame@@VwxCommandEvent@@V2@@wxEvtHandler@@QEAAXAEBV?$wxEventTypeTag@VwxCommandEvent@@@@P8MyFrame@@EAAXAEAVwxCommandEvent@@@ZPEAV2@HHPEAVwxObject@@@Z)
freakyfier.obj : error LNK2001: unresolved external symbol "protected: virtual bool __cdecl wxEvtHandler::TryBefore(class wxEvent &)" (?TryBefore@wxEvtHandler@@MEAA_NAEAVwxEvent@@@Z)
freakyfier.obj : error LNK2001: unresolved external symbol "protected: virtual bool __cdecl wxEvtHandler::TryAfter(class wxEvent &)" (?TryAfter@wxEvtHandler@@MEAA_NAEAVwxEvent@@@Z)
freakyfier.obj : error LNK2001: unresolved external symbol "protected: virtual void __cdecl wxEvtHandler::DoSetClientObject(class wxClientData *)" (?DoSetClientObject@wxEvtHandler@@MEAAXPEAVwxClientData@@@Z)
freakyfier.obj : error LNK2001: unresolved external symbol "protected: virtual class wxClientData * __cdecl wxEvtHandler::DoGetClientObject(void)const " (?DoGetClientObject@wxEvtHandler@@MEBAPEAVwxClientData@@XZ)
freakyfier.obj : error LNK2001: unresolved external symbol "protected: virtual void __cdecl wxEvtHandler::DoSetClientData(void *)" (?DoSetClientData@wxEvtHandler@@MEAAXPEAX@Z)
freakyfier.obj : error LNK2001: unresolved external symbol "protected: virtual void * __cdecl wxEvtHandler::DoGetClientData(void)const " (?DoGetClientData@wxEvtHandler@@MEBAPEAXXZ)
freakyfier.obj : error LNK2001: unresolved external symbol "protected: virtual void * __cdecl wxEvtHandler::WXReservedEvtHandler1(void *)" (?WXReservedEvtHandler1@wxEvtHandler@@MEAAPEAXPEAX@Z)
freakyfier.obj : error LNK2001: unresolved external symbol "protected: virtual void * __cdecl wxEvtHandler::WXReservedEvtHandler2(void *)" (?WXReservedEvtHandler2@wxEvtHandler@@MEAAPEAXPEAX@Z)
freakyfier.obj : error LNK2019: unresolved external symbol "int __cdecl wxEntry(struct HINSTANCE__ *,struct HINSTANCE__ *,char *,int)" (?wxEntry@@YAHPEAUHINSTANCE__@@0PEADH@Z) referenced in function WinMain
freakyfier.obj : error LNK2001: unresolved external symbol "public: virtual void __cdecl wxAppConsoleBase::OnLaunched(void)" (?OnLaunched@wxAppConsoleBase@@UEAAXXZ)
freakyfier.obj : error LNK2001: unresolved external symbol "public: virtual void __cdecl wxAppConsoleBase::Exit(void)" (?Exit@wxAppConsoleBase@@UEAAXXZ)
freakyfier.obj : error LNK2001: unresolved external symbol "public: virtual bool __cdecl wxAppConsoleBase::OnCmdLineHelp(class wxCmdLineParser &)" (?OnCmdLineHelp@wxAppConsoleBase@@UEAA_NAEAVwxCmdLineParser@@@Z)
freakyfier.obj : error LNK2001: unresolved external symbol "public: virtual bool __cdecl wxAppConsoleBase::OnCmdLineError(class wxCmdLineParser &)" (?OnCmdLineError@wxAppConsoleBase@@UEAA_NAEAVwxCmdLineParser@@@Z)
freakyfier.obj : error LNK2001: unresolved external symbol "public: virtual void __cdecl wxAppConsoleBase::SetCLocale(void)" (?SetCLocale@wxAppConsoleBase@@UEAAXXZ)
freakyfier.obj : error LNK2001: unresolved external symbol "public: virtual int __cdecl wxAppConsoleBase::FilterEvent(class wxEvent &)" (?FilterEvent@wxAppConsoleBase@@UEAAHAEAVwxEvent@@@Z)
freakyfier.obj : error LNK2001: unresolved external symbol "public: virtual void __cdecl wxAppConsoleBase::CallEventHandler(class wxEvtHandler *,class wxEventFunctor &,class wxEvent &)const " (?CallEventHandler@wxAppConsoleBase@@UEBAXPEAVwxEvtHandler@@AEAVwxEventFunctor@@AEAVwxEvent@@@Z)
freakyfier.obj : error LNK2001: unresolved external symbol "public: virtual void __cdecl wxAppConsoleBase::HandleEvent(class wxEvtHandler *,void (__cdecl wxEvtHandler::*)(class wxEvent &),class wxEvent &)const " (?HandleEvent@wxAppConsoleBase@@UEBAXPEAVwxEvtHandler@@P82@EAAXAEAVwxEvent@@@Z1@Z)
freakyfier.obj : error LNK2001: unresolved external symbol "public: virtual void __cdecl wxAppConsoleBase::OnUnhandledException(void)" (?OnUnhandledException@wxAppConsoleBase@@UEAAXXZ)
freakyfier.obj : error LNK2001: unresolved external symbol "public: virtual bool __cdecl wxAppConsoleBase::StoreCurrentException(void)" (?StoreCurrentException@wxAppConsoleBase@@UEAA_NXZ)
freakyfier.obj : error LNK2001: unresolved external symbol "public: virtual void __cdecl wxAppConsoleBase::RethrowStoredException(void)" (?RethrowStoredException@wxAppConsoleBase@@UEAAXXZ)
freakyfier.obj : error LNK2001: unresolved external symbol "public: virtual void __cdecl wxAppConsoleBase::ProcessPendingEvents(void)" (?ProcessPendingEvents@wxAppConsoleBase@@UEAAXXZ)
freakyfier.obj : error LNK2001: unresolved external symbol "public: virtual bool __cdecl wxAppConsoleBase::Pending(void)" (?Pending@wxAppConsoleBase@@UEAA_NXZ)
freakyfier.obj : error LNK2001: unresolved external symbol "public: virtual bool __cdecl wxAppConsoleBase::Dispatch(void)" (?Dispatch@wxAppConsoleBase@@UEAA_NXZ)
freakyfier.obj : error LNK2001: unresolved external symbol "public: virtual int __cdecl wxAppConsoleBase::MainLoop(void)" (?MainLoop@wxAppConsoleBase@@UEAAHXZ)
freakyfier.obj : error LNK2001: unresolved external symbol "public: virtual void __cdecl wxAppConsoleBase::ExitMainLoop(void)" (?ExitMainLoop@wxAppConsoleBase@@UEAAXXZ)
freakyfier.obj : error LNK2001: unresolved external symbol "public: virtual void __cdecl wxAppConsoleBase::OnAssertFailure(wchar_t const *,int,wchar_t const *,wchar_t const *,wchar_t const *)" (?OnAssertFailure@wxAppConsoleBase@@UEAAXPEB_WH000@Z)
freakyfier.obj : error LNK2001: unresolved external symbol "public: virtual void __cdecl wxAppConsoleBase::OnAssert(wchar_t const *,int,wchar_t const *,wchar_t const *)" (?OnAssert@wxAppConsoleBase@@UEAAXPEB_WH00@Z)
freakyfier.obj : error LNK2019: unresolved external symbol "public: static bool __cdecl wxAppConsoleBase::CheckBuildOptions(char const *,char const *)" (?CheckBuildOptions@wxAppConsoleBase@@SA_NPEBD0@Z) referenced in function "class wxAppConsole * __cdecl wxCreateApp(void)" (?wxCreateApp@@YAPEAVwxAppConsole@@XZ)
freakyfier.obj : error LNK2001: unresolved external symbol "protected: virtual void * __cdecl wxAppConsoleBase::WXReservedApp1(void *)" (?WXReservedApp1@wxAppConsoleBase@@MEAAPEAXPEAX@Z)
freakyfier.obj : error LNK2001: unresolved external symbol "protected: virtual void * __cdecl wxAppConsoleBase::WXReservedApp2(void *)" (?WXReservedApp2@wxAppConsoleBase@@MEAAPEAXPEAX@Z)
freakyfier.obj : error LNK2001: unresolved external symbol "public: virtual bool __cdecl wxAppBase::OnInitGui(void)" (?OnInitGui@wxAppBase@@UEAA_NXZ)
freakyfier.obj : error LNK2001: unresolved external symbol "public: virtual int __cdecl wxAppBase::OnRun(void)" (?OnRun@wxAppBase@@UEAAHXZ)
freakyfier.obj : error LNK2001: unresolved external symbol "public: virtual int __cdecl wxAppBase::OnExit(void)" (?OnExit@wxAppBase@@UEAAHXZ)
freakyfier.obj : error LNK2001: unresolved external symbol "public: virtual bool __cdecl wxAppBase::SafeYield(class wxWindow *,bool)" (?SafeYield@wxAppBase@@UEAA_NPEAVwxWindow@@_N@Z)
freakyfier.obj : error LNK2001: unresolved external symbol "public: virtual bool __cdecl wxAppBase::SafeYieldFor(class wxWindow *,long)" (?SafeYieldFor@wxAppBase@@UEAA_NPEAVwxWindow@@J@Z)
freakyfier.obj : error LNK2001: unresolved external symbol "public: virtual bool __cdecl wxAppBase::ProcessIdle(void)" (?ProcessIdle@wxAppBase@@UEAA_NXZ)
freakyfier.obj : error LNK2001: unresolved external symbol "public: virtual class wxWindow * __cdecl wxAppBase::GetTopWindow(void)const " (?GetTopWindow@wxAppBase@@UEBAPEAVwxWindow@@XZ)
freakyfier.obj : error LNK2001: unresolved external symbol "public: virtual struct wxVideoMode __cdecl wxAppBase::GetDisplayMode(void)const " (?GetDisplayMode@wxAppBase@@UEBA?AUwxVideoMode@@XZ)
freakyfier.obj : error LNK2001: unresolved external symbol "public: virtual enum wxLayoutDirection __cdecl wxAppBase::GetLayoutDirection(void)const " (?GetLayoutDirection@wxAppBase@@UEBA?AW4wxLayoutDirection@@XZ)
freakyfier.obj : error LNK2001: unresolved external symbol "public: virtual bool __cdecl wxAppBase::OnCmdLineParsed(class wxCmdLineParser &)" (?OnCmdLineParsed@wxAppBase@@UEAA_NAEAVwxCmdLineParser@@@Z)
freakyfier.obj : error LNK2001: unresolved external symbol "public: virtual void __cdecl wxAppBase::OnInitCmdLine(class wxCmdLineParser &)" (?OnInitCmdLine@wxAppBase@@UEAAXAEAVwxCmdLineParser@@@Z)
freakyfier.obj : error LNK2001: unresolved external symbol "public: virtual void __cdecl wxAppBase::SetActive(bool,class wxWindow *)" (?SetActive@wxAppBase@@UEAAX_NPEAVwxWindow@@@Z)
freakyfier.obj : error LNK2001: unresolved external symbol "protected: virtual class wxAppTraits * __cdecl wxAppBase::CreateTraits(void)" (?CreateTraits@wxAppBase@@MEAAPEAVwxAppTraits@@XZ)
freakyfier.obj : error LNK2019: unresolved external symbol "public: __cdecl wxApp::wxApp(void)" (??0wxApp@@QEAA@XZ) referenced in function "public: __cdecl MyApp::MyApp(void)" (??0MyApp@@QEAA@XZ)
freakyfier.obj : error LNK2019: unresolved external symbol "public: virtual __cdecl wxApp::~wxApp(void)" (??1wxApp@@UEAA@XZ) referenced in function "public: virtual __cdecl MyApp::~MyApp(void)" (??1MyApp@@UEAA@XZ)
freakyfier.obj : error LNK2001: unresolved external symbol "public: virtual bool __cdecl wxApp::Initialize(int &,wchar_t * *)" (?Initialize@wxApp@@UEAA_NAEAHPEAPEA_W@Z)
freakyfier.obj : error LNK2001: unresolved external symbol "public: virtual void __cdecl wxApp::CleanUp(void)" (?CleanUp@wxApp@@UEAAXXZ)
freakyfier.obj : error LNK2001: unresolved external symbol "public: virtual void __cdecl wxApp::WakeUpIdle(void)" (?WakeUpIdle@wxApp@@UEAAXXZ)
freakyfier.obj : error LNK2001: unresolved external symbol "public: virtual bool __cdecl wxApp::OnExceptionInMainLoop(void)" (?OnExceptionInMainLoop@wxApp@@UEAA_NXZ)
freakyfier.obj : error LNK2001: unresolved external symbol "protected: virtual struct wxEventTable const * __cdecl wxApp::GetEventTable(void)const " (?GetEventTable@wxApp@@MEBAPEBUwxEventTable@@XZ)
freakyfier.obj : error LNK2001: unresolved external symbol "protected: virtual class wxEventHashTable & __cdecl wxApp::GetEventHashTable(void)const " (?GetEventHashTable@wxApp@@MEBAAEAVwxEventHashTable@@XZ)
freakyfier.obj : error LNK2001: unresolved external symbol "public: virtual class wxClassInfo * __cdecl wxApp::GetClassInfo(void)const " (?GetClassInfo@wxApp@@UEBAPEAVwxClassInfo@@XZ)
freakyfier.obj : error LNK2001: unresolved external symbol "public: virtual class wxSize __cdecl wxWindowBase::ClientToWindowSize(class wxSize const &)const " (?ClientToWindowSize@wxWindowBase@@UEBA?AVwxSize@@AEBV2@@Z)
freakyfier.obj : error LNK2001: unresolved external symbol "public: virtual class wxSize __cdecl wxWindowBase::WindowToClientSize(class wxSize const &)const " (?WindowToClientSize@wxWindowBase@@UEBA?AVwxSize@@AEBV2@@Z)
freakyfier.obj : error LNK2019: unresolved external symbol "public: class wxSize __cdecl wxWindowBase::GetBestSize(void)const " (?GetBestSize@wxWindowBase@@QEBA?AVwxSize@@XZ) referenced in function "public: virtual class wxSize __cdecl wxWindowBase::GetBestVirtualSize(void)const " (?GetBestVirtualSize@wxWindowBase@@UEBA?AVwxSize@@XZ)
freakyfier.obj : error LNK2001: unresolved external symbol "public: virtual class wxSize __cdecl wxWindowBase::GetEffectiveMinSize(void)const " (?GetEffectiveMinSize@wxWindowBase@@UEBA?AVwxSize@@XZ)
freakyfier.obj : error LNK2001: unresolved external symbol "public: virtual void __cdecl wxWindowBase::Fit(void)" (?Fit@wxWindowBase@@UEAAXXZ)
freakyfier.obj : error LNK2001: unresolved external symbol "public: virtual void __cdecl wxWindowBase::FitInside(void)" (?FitInside@wxWindowBase@@UEAAXXZ)
freakyfier.obj : error LNK2001: unresolved external symbol "public: virtual void __cdecl wxWindowBase::DoSetVirtualSize(int,int)" (?DoSetVirtualSize@wxWindowBase@@UEAAXHH@Z)
freakyfier.obj : error LNK2001: unresolved external symbol "public: virtual class wxSize __cdecl wxWindowBase::DoGetVirtualSize(void)const " (?DoGetVirtualSize@wxWindowBase@@UEBA?AVwxSize@@XZ)
freakyfier.obj : error LNK2001: unresolved external symbol "public: virtual double __cdecl wxWindowBase::GetContentScaleFactor(void)const " (?GetContentScaleFactor@wxWindowBase@@UEBANXZ)
freakyfier.obj : error LNK2001: unresolved external symbol "public: virtual bool __cdecl wxWindowBase::InformFirstDirection(int,int,int)" (?InformFirstDirection@wxWindowBase@@UEAA_NHHH@Z)
freakyfier.obj : error LNK2001: unresolved external symbol "public: virtual bool __cdecl wxWindowBase::Enable(bool)" (?Enable@wxWindowBase@@UEAA_N_N@Z)
freakyfier.obj : error LNK2019: unresolved external symbol "public: bool __cdecl wxWindowBase::IsEnabled(void)const " (?IsEnabled@wxWindowBase@@QEBA_NXZ) referenced in function "public: virtual bool __cdecl wxWindowBase::CanBeFocused(void)const " (?CanBeFocused@wxWindowBase@@UEBA_NXZ)
freakyfier.obj : error LNK2001: unresolved external symbol "public: virtual bool __cdecl wxWindowBase::IsShownOnScreen(void)const " (?IsShownOnScreen@wxWindowBase@@UEBA_NXZ)
freakyfier.obj : error LNK2019: unresolved external symbol "public: static class wxWindow * __cdecl wxWindowBase::FindFocus(void)" (?FindFocus@wxWindowBase@@SAPEAVwxWindow@@XZ) referenced in function "public: virtual bool __cdecl wxTopLevelWindowBase::IsActive(void)" (?IsActive@wxTopLevelWindowBase@@UEAA_NXZ)
freakyfier.obj : error LNK2001: unresolved external symbol "public: virtual bool __cdecl wxWindowBase::HasFocus(void)const " (?HasFocus@wxWindowBase@@UEBA_NXZ)
freakyfier.obj : error LNK2019: unresolved external symbol "public: bool __cdecl wxWindowBase::IsDescendant(class wxWindowBase *)const " (?IsDescendant@wxWindowBase@@QEBA_NPEAV1@@Z) referenced in function "public: virtual bool __cdecl wxTopLevelWindowBase::IsActive(void)" (?IsActive@wxTopLevelWindowBase@@UEAA_NXZ)
freakyfier.obj : error LNK2001: unresolved external symbol "public: virtual void __cdecl wxWindowBase::AddChild(class wxWindowBase *)" (?AddChild@wxWindowBase@@UEAAXPEAV1@@Z)
freakyfier.obj : error LNK2001: unresolved external symbol "public: virtual void __cdecl wxWindowBase::RemoveChild(class wxWindowBase *)" (?RemoveChild@wxWindowBase@@UEAAXPEAV1@@Z)
freakyfier.obj : error LNK2001: unresolved external symbol "public: virtual void __cdecl wxWindowBase::SetNextHandler(class wxEvtHandler *)" (?SetNextHandler@wxWindowBase@@UEAAXPEAVwxEvtHandler@@@Z)
freakyfier.obj : error LNK2001: unresolved external symbol "public: virtual void __cdecl wxWindowBase::SetPreviousHandler(class wxEvtHandler *)" (?SetPreviousHandler@wxWindowBase@@UEAAXPEAVwxEvtHandler@@@Z)
freakyfier.obj : error LNK2001: unresolved external symbol "public: virtual void __cdecl wxWindowBase::SetValidator(class wxValidator const &)" (?SetValidator@wxWindowBase@@UEAAXAEBVwxValidator@@@Z)
freakyfier.obj : error LNK2001: unresolved external symbol "public: virtual bool __cdecl wxWindowBase::Validate(void)" (?Validate@wxWindowBase@@UEAA_NXZ)
freakyfier.obj : error LNK2001: unresolved external symbol "public: virtual bool __cdecl wxWindowBase::TransferDataToWindow(void)" (?TransferDataToWindow@wxWindowBase@@UEAA_NXZ)
freakyfier.obj : error LNK2001: unresolved external symbol "public: virtual bool __cdecl wxWindowBase::TransferDataFromWindow(void)" (?TransferDataFromWindow@wxWindowBase@@UEAA_NXZ)
freakyfier.obj : error LNK2001: unresolved external symbol "public: virtual void __cdecl wxWindowBase::InitDialog(void)" (?InitDialog@wxWindowBase@@UEAAXXZ)
freakyfier.obj : error LNK2019: unresolved external symbol "public: static class wxWindow * __cdecl wxWindowBase::GetCapture(void)" (?GetCapture@wxWindowBase@@SAPEAVwxWindow@@XZ) referenced in function "public: virtual bool __cdecl wxWindowBase::HasCapture(void)const " (?HasCapture@wxWindowBase@@UEBA_NXZ)
freakyfier.obj : error LNK2001: unresolved external symbol "public: virtual void __cdecl wxWindowBase::ClearBackground(void)" (?ClearBackground@wxWindowBase@@UEAAXXZ)
freakyfier.obj : error LNK2001: unresolved external symbol "public: virtual bool __cdecl wxWindowBase::DoIsExposed(int,int)const " (?DoIsExposed@wxWindowBase@@UEBA_NHH@Z)
freakyfier.obj : error LNK2001: unresolved external symbol "public: virtual bool __cdecl wxWindowBase::DoIsExposed(int,int,int,int)const " (?DoIsExposed@wxWindowBase@@UEBA_NHHHH@Z)
freakyfier.obj : error LNK2019: unresolved external symbol "public: static struct wxVisualAttributes __cdecl wxWindowBase::GetClassDefaultAttributes(enum wxWindowVariant)" (?GetClassDefaultAttributes@wxWindowBase@@SA?AUwxVisualAttributes@@W4wxWindowVariant@@@Z) referenced in function "public: virtual struct wxVisualAttributes __cdecl wxWindowBase::GetDefaultAttributes(void)const " (?GetDefaultAttributes@wxWindowBase@@UEBA?AUwxVisualAttributes@@XZ)
freakyfier.obj : error LNK2001: unresolved external symbol "public: virtual bool __cdecl wxWindowBase::SetBackgroundColour(class wxColour const &)" (?SetBackgroundColour@wxWindowBase@@UEAA_NAEBVwxColour@@@Z)
freakyfier.obj : error LNK2001: unresolved external symbol "public: virtual bool __cdecl wxWindowBase::SetForegroundColour(class wxColour const &)" (?SetForegroundColour@wxWindowBase@@UEAA_NAEBVwxColour@@@Z)
freakyfier.obj : error LNK2001: unresolved external symbol "public: virtual bool __cdecl wxWindowBase::SetBackgroundStyle(enum wxBackgroundStyle)" (?SetBackgroundStyle@wxWindowBase@@UEAA_NW4wxBackgroundStyle@@@Z)
freakyfier.obj : error LNK2001: unresolved external symbol "public: virtual bool __cdecl wxWindowBase::IsTransparentBackgroundSupported(class wxString *)const " (?IsTransparentBackgroundSupported@wxWindowBase@@UEBA_NPEAVwxString@@@Z)
freakyfier.obj : error LNK2001: unresolved external symbol "public: virtual bool __cdecl wxWindowBase::CanScroll(int)const " (?CanScroll@wxWindowBase@@UEBA_NH@Z)
freakyfier.obj : error LNK2001: unresolved external symbol "public: virtual class wxString __cdecl wxWindowBase::GetHelpTextAtPoint(class wxPoint const &,enum wxHelpEvent::Origin)const " (?GetHelpTextAtPoint@wxWindowBase@@UEBA?AVwxString@@AEBVwxPoint@@W4Origin@wxHelpEvent@@@Z)
freakyfier.obj : error LNK2001: unresolved external symbol "public: virtual void __cdecl wxWindowBase::SetConstraintSizes(bool)" (?SetConstraintSizes@wxWindowBase@@UEAAX_N@Z)
freakyfier.obj : error LNK2001: unresolved external symbol "public: virtual bool __cdecl wxWindowBase::LayoutPhase1(int *)" (?LayoutPhase1@wxWindowBase@@UEAA_NPEAH@Z)
freakyfier.obj : error LNK2001: unresolved external symbol "public: virtual bool __cdecl wxWindowBase::LayoutPhase2(int *)" (?LayoutPhase2@wxWindowBase@@UEAA_NPEAH@Z)
freakyfier.obj : error LNK2001: unresolved external symbol "public: virtual bool __cdecl wxWindowBase::DoPhase(int)" (?DoPhase@wxWindowBase@@UEAA_NH@Z)
freakyfier.obj : error LNK2001: unresolved external symbol "public: virtual void __cdecl wxWindowBase::SetSizeConstraint(int,int,int,int)" (?SetSizeConstraint@wxWindowBase@@UEAAXHHHH@Z)
freakyfier.obj : error LNK2001: unresolved external symbol "public: virtual void __cdecl wxWindowBase::MoveConstraint(int,int)" (?MoveConstraint@wxWindowBase@@UEAAXHH@Z)
freakyfier.obj : error LNK2001: unresolved external symbol "public: virtual void __cdecl wxWindowBase::GetSizeConstraint(int *,int *)const " (?GetSizeConstraint@wxWindowBase@@UEBAXPEAH0@Z)
freakyfier.obj : error LNK2001: unresolved external symbol "public: virtual void __cdecl wxWindowBase::GetClientSizeConstraint(int *,int *)const " (?GetClientSizeConstraint@wxWindowBase@@UEBAXPEAH0@Z)
freakyfier.obj : error LNK2001: unresolved external symbol "public: virtual void __cdecl wxWindowBase::GetPositionConstraint(int *,int *)const " (?GetPositionConstraint@wxWindowBase@@UEBAXPEAH0@Z)
freakyfier.obj : error LNK2019: unresolved external symbol "public: void __cdecl wxWindowBase::SetSizer(class wxSizer *,bool)" (?SetSizer@wxWindowBase@@QEAAXPEAVwxSizer@@_N@Z) referenced in function "public: __cdecl MyFrame::MyFrame(void)" (??0MyFrame@@QEAA@XZ)
freakyfier.obj : error LNK2001: unresolved external symbol "public: virtual bool __cdecl wxWindowBase::SendIdleEvents(class wxIdleEvent &)" (?SendIdleEvents@wxWindowBase@@UEAA_NAEAVwxIdleEvent@@@Z)
freakyfier.obj : error LNK2001: unresolved external symbol "public: virtual void __cdecl wxWindowBase::WXSetInitialFittingClientSize(int,class wxSizer *)" (?WXSetInitialFittingClientSize@wxWindowBase@@UEAAXHPEAVwxSizer@@@Z)
freakyfier.obj : error LNK2001: unresolved external symbol "protected: virtual bool __cdecl wxWindowBase::TryBefore(class wxEvent &)" (?TryBefore@wxWindowBase@@MEAA_NAEAVwxEvent@@@Z)
freakyfier.obj : error LNK2001: unresolved external symbol "protected: virtual bool __cdecl wxWindowBase::TryAfter(class wxEvent &)" (?TryAfter@wxWindowBase@@MEAA_NAEAVwxEvent@@@Z)
freakyfier.obj : error LNK2001: unresolved external symbol "protected: virtual void __cdecl wxWindowBase::DoMoveInTabOrder(class wxWindow *,enum wxWindowBase::WindowOrder)" (?DoMoveInTabOrder@wxWindowBase@@MEAAXPEAVwxWindow@@W4WindowOrder@1@@Z)
freakyfier.obj : error LNK2001: unresolved external symbol "protected: virtual bool __cdecl wxWindowBase::DoNavigateIn(int)" (?DoNavigateIn@wxWindowBase@@MEAA_NH@Z)
freakyfier.obj : error LNK2001: unresolved external symbol "protected: virtual enum wxHitTest __cdecl wxWindowBase::DoHitTest(int,int)const " (?DoHitTest@wxWindowBase@@MEBA?AW4wxHitTest@@HH@Z)
freakyfier.obj : error LNK2001: unresolved external symbol "protected: virtual class wxSize __cdecl wxWindowBase::DoGetBestSize(void)const " (?DoGetBestSize@wxWindowBase@@MEBA?AVwxSize@@XZ)
freakyfier.obj : error LNK2001: unresolved external symbol "protected: virtual void __cdecl wxWindowBase::DoSetSizeHints(int,int,int,int,int,int)" (?DoSetSizeHints@wxWindowBase@@MEAAXHHHHHH@Z)
freakyfier.obj : error LNK2001: unresolved external symbol "protected: virtual void __cdecl wxWindowBase::DoSetToolTipText(class wxString const &)" (?DoSetToolTipText@wxWindowBase@@MEAAXAEBVwxString@@@Z)
freakyfier.obj : error LNK2001: unresolved external symbol "protected: virtual void __cdecl wxWindowBase::DoSetWindowVariant(enum wxWindowVariant)" (?DoSetWindowVariant@wxWindowBase@@MEAAXW4wxWindowVariant@@@Z)
freakyfier.obj : error LNK2001: unresolved external symbol "protected: virtual void * __cdecl wxWindowBase::WXReservedWindow1(void *)" (?WXReservedWindow1@wxWindowBase@@MEAAPEAXPEAX@Z)
freakyfier.obj : error LNK2001: unresolved external symbol "protected: virtual void * __cdecl wxWindowBase::WXReservedWindow2(void *)" (?WXReservedWindow2@wxWindowBase@@MEAAPEAXPEAX@Z)
freakyfier.obj : error LNK2001: unresolved external symbol "protected: virtual void * __cdecl wxWindowBase::WXReservedWindow3(void *)" (?WXReservedWindow3@wxWindowBase@@MEAAPEAXPEAX@Z)
freakyfier.obj : error LNK2001: unresolved external symbol "public: virtual void __cdecl wxWindow::SetLabel(class wxString const &)" (?SetLabel@wxWindow@@UEAAXAEBVwxString@@@Z)
freakyfier.obj : error LNK2001: unresolved external symbol "public: virtual class wxString __cdecl wxWindow::GetLabel(void)const " (?GetLabel@wxWindow@@UEBA?AVwxString@@XZ)
freakyfier.obj : error LNK2001: unresolved external symbol "public: virtual void __cdecl wxWindow::Lower(void)" (?Lower@wxWindow@@UEAAXXZ)
freakyfier.obj : error LNK2001: unresolved external symbol "public: virtual bool __cdecl wxWindow::BeginRepositioningChildren(void)" (?BeginRepositioningChildren@wxWindow@@UEAA_NXZ)
freakyfier.obj : error LNK2001: unresolved external symbol "public: virtual void __cdecl wxWindow::EndRepositioningChildren(void)" (?EndRepositioningChildren@wxWindow@@UEAAXXZ)
freakyfier.obj : error LNK2001: unresolved external symbol "public: virtual void __cdecl wxWindow::SetFocus(void)" (?SetFocus@wxWindow@@UEAAXXZ)
freakyfier.obj : error LNK2001: unresolved external symbol "public: virtual void __cdecl wxWindow::SetFocusFromKbd(void)" (?SetFocusFromKbd@wxWindow@@UEAAXXZ)
freakyfier.obj : error LNK2001: unresolved external symbol "public: virtual class wxSize __cdecl wxWindow::GetDPI(void)const " (?GetDPI@wxWindow@@UEBA?AVwxSize@@XZ)
freakyfier.obj : error LNK2001: unresolved external symbol "public: virtual double __cdecl wxWindow::GetDPIScaleFactor(void)const " (?GetDPIScaleFactor@wxWindow@@UEBANXZ)
freakyfier.obj : error LNK2001: unresolved external symbol "public: virtual class wxSize __cdecl wxWindow::GetWindowBorderSize(void)const " (?GetWindowBorderSize@wxWindow@@UEBA?AVwxSize@@XZ)
freakyfier.obj : error LNK2001: unresolved external symbol "public: virtual void __cdecl wxWindow::WarpPointer(int,int)" (?WarpPointer@wxWindow@@UEAAXHH@Z)
freakyfier.obj : error LNK2001: unresolved external symbol "public: virtual bool __cdecl wxWindow::EnableTouchEvents(int)" (?EnableTouchEvents@wxWindow@@UEAA_NH@Z)
freakyfier.obj : error LNK2001: unresolved external symbol "public: virtual void __cdecl wxWindow::Refresh(bool,class wxRect const *)" (?Refresh@wxWindow@@UEAAX_NPEBVwxRect@@@Z)
freakyfier.obj : error LNK2001: unresolved external symbol "public: virtual void __cdecl wxWindow::Update(void)" (?Update@wxWindow@@UEAAXXZ)
freakyfier.obj : error LNK2001: unresolved external symbol "public: virtual void __cdecl wxWindow::SetWindowStyleFlag(long)" (?SetWindowStyleFlag@wxWindow@@UEAAXJ@Z)
freakyfier.obj : error LNK2001: unresolved external symbol "public: virtual void __cdecl wxWindow::SetExtraStyle(long)" (?SetExtraStyle@wxWindow@@UEAAXJ@Z)
freakyfier.obj : error LNK2001: unresolved external symbol "public: virtual bool __cdecl wxWindow::SetCursor(class wxCursor const &)" (?SetCursor@wxWindow@@UEAA_NAEBVwxCursor@@@Z)
freakyfier.obj : error LNK2001: unresolved external symbol "public: virtual bool __cdecl wxWindow::SetFont(class wxFont const &)" (?SetFont@wxWindow@@UEAA_NAEBVwxFont@@@Z)
freakyfier.obj : error LNK2001: unresolved external symbol "public: virtual int __cdecl wxWindow::GetCharHeight(void)const " (?GetCharHeight@wxWindow@@UEBAHXZ)
freakyfier.obj : error LNK2001: unresolved external symbol "public: virtual int __cdecl wxWindow::GetCharWidth(void)const " (?GetCharWidth@wxWindow@@UEBAHXZ)
freakyfier.obj : error LNK2001: unresolved external symbol "public: virtual void __cdecl wxWindow::SetScrollbar(int,int,int,int,bool)" (?SetScrollbar@wxWindow@@UEAAXHHHH_N@Z)
freakyfier.obj : error LNK2001: unresolved external symbol "public: virtual void __cdecl wxWindow::SetScrollPos(int,int,bool)" (?SetScrollPos@wxWindow@@UEAAXHH_N@Z)
freakyfier.obj : error LNK2001: unresolved external symbol "public: virtual int __cdecl wxWindow::GetScrollPos(int)const " (?GetScrollPos@wxWindow@@UEBAHH@Z)
freakyfier.obj : error LNK2001: unresolved external symbol "public: virtual int __cdecl wxWindow::GetScrollThumb(int)const " (?GetScrollThumb@wxWindow@@UEBAHH@Z)
freakyfier.obj : error LNK2001: unresolved external symbol "public: virtual int __cdecl wxWindow::GetScrollRange(int)const " (?GetScrollRange@wxWindow@@UEBAHH@Z)
freakyfier.obj : error LNK2001: unresolved external symbol "public: virtual void __cdecl wxWindow::ScrollWindow(int,int,class wxRect const *)" (?ScrollWindow@wxWindow@@UEAAXHHPEBVwxRect@@@Z)
freakyfier.obj : error LNK2001: unresolved external symbol "public: virtual bool __cdecl wxWindow::ScrollLines(int)" (?ScrollLines@wxWindow@@UEAA_NH@Z)
freakyfier.obj : error LNK2001: unresolved external symbol "public: virtual bool __cdecl wxWindow::ScrollPages(int)" (?ScrollPages@wxWindow@@UEAA_NH@Z)
freakyfier.obj : error LNK2001: unresolved external symbol "public: virtual enum wxLayoutDirection __cdecl wxWindow::GetLayoutDirection(void)const " (?GetLayoutDirection@wxWindow@@UEBA?AW4wxLayoutDirection@@XZ)
freakyfier.obj : error LNK2001: unresolved external symbol "public: virtual int __cdecl wxWindow::AdjustForLayoutDirection(int,int,int)const " (?AdjustForLayoutDirection@wxWindow@@UEBAHHHH@Z)
freakyfier.obj : error LNK2001: unresolved external symbol "public: virtual void __cdecl wxWindow::SetId(int)" (?SetId@wxWindow@@UEAAXH@Z)
freakyfier.obj : error LNK2001: unresolved external symbol "public: virtual void __cdecl wxWindow::SetDropTarget(class wxDropTarget *)" (?SetDropTarget@wxWindow@@UEAAXPEAVwxDropTarget@@@Z)
freakyfier.obj : error LNK2001: unresolved external symbol "public: virtual void __cdecl wxWindow::DragAcceptFiles(bool)" (?DragAcceptFiles@wxWindow@@UEAAX_N@Z)
freakyfier.obj : error LNK2001: unresolved external symbol "public: virtual bool __cdecl wxWindow::LoadNativeDialog(class wxWindow *,int)" (?LoadNativeDialog@wxWindow@@UEAA_NPEAV1@H@Z)
freakyfier.obj : error LNK2001: unresolved external symbol "public: virtual bool __cdecl wxWindow::LoadNativeDialog(class wxWindow *,class wxString const &)" (?LoadNativeDialog@wxWindow@@UEAA_NPEAV1@AEBVwxString@@@Z)
freakyfier.obj : error LNK2001: unresolved external symbol "public: virtual bool __cdecl wxWindow::RegisterHotKey(int,int,int)" (?RegisterHotKey@wxWindow@@UEAA_NHHH@Z)
freakyfier.obj : error LNK2001: unresolved external symbol "public: virtual bool __cdecl wxWindow::UnregisterHotKey(int)" (?UnregisterHotKey@wxWindow@@UEAA_NH@Z)
freakyfier.obj : error LNK2001: unresolved external symbol "public: virtual void __cdecl wxWindow::AssociateHandle(struct HWND__ *)" (?AssociateHandle@wxWindow@@UEAAXPEAUHWND__@@@Z)
freakyfier.obj : error LNK2001: unresolved external symbol "public: virtual void __cdecl wxWindow::DissociateHandle(void)" (?DissociateHandle@wxWindow@@UEAAXXZ)
freakyfier.obj : error LNK2001: unresolved external symbol "public: virtual bool __cdecl wxWindow::MSWCommand(unsigned int,unsigned short)" (?MSWCommand@wxWindow@@UEAA_NIG@Z)
freakyfier.obj : error LNK2001: unresolved external symbol "public: virtual class wxWindow * __cdecl wxWindow::CreateWindowFromHWND(class wxWindow *,struct HWND__ *)" (?CreateWindowFromHWND@wxWindow@@UEAAPEAV1@PEAV1@PEAUHWND__@@@Z)
freakyfier.obj : error LNK2001: unresolved external symbol "public: virtual void __cdecl wxWindow::AdoptAttributesFromHWND(void)" (?AdoptAttributesFromHWND@wxWindow@@UEAAXXZ)
freakyfier.obj : error LNK2001: unresolved external symbol "public: virtual void __cdecl wxWindow::SetupColours(void)" (?SetupColours@wxWindow@@UEAAXXZ)
freakyfier.obj : error LNK2001: unresolved external symbol "public: virtual bool __cdecl wxWindow::MSWOnScroll(int,unsigned short,unsigned short,struct HWND__ *)" (?MSWOnScroll@wxWindow@@UEAA_NHGGPEAUHWND__@@@Z)
freakyfier.obj : error LNK2001: unresolved external symbol "public: virtual bool __cdecl wxWindow::MSWOnNotify(int,__int64,__int64 *)" (?MSWOnNotify@wxWindow@@UEAA_NH_JPEA_J@Z)
freakyfier.obj : error LNK2001: unresolved external symbol "public: virtual bool __cdecl wxWindow::MSWOnDrawItem(int,void * *)" (?MSWOnDrawItem@wxWindow@@UEAA_NHPEAPEAX@Z)
freakyfier.obj : error LNK2001: unresolved external symbol "public: virtual bool __cdecl wxWindow::MSWOnMeasureItem(int,void * *)" (?MSWOnMeasureItem@wxWindow@@UEAA_NHPEAPEAX@Z)
freakyfier.obj : error LNK2001: unresolved external symbol "public: virtual bool __cdecl wxWindow::HandleSettingChange(unsigned __int64,__int64)" (?HandleSettingChange@wxWindow@@UEAA_N_K_J@Z)
freakyfier.obj : error LNK2001: unresolved external symbol "public: virtual bool __cdecl wxWindow::MSWHandleMessage(__int64 *,unsigned int,unsigned __int64,__int64)" (?MSWHandleMessage@wxWindow@@UEAA_NPEA_JI_K_J@Z)
freakyfier.obj : error LNK2001: unresolved external symbol "public: virtual __int64 __cdecl wxWindow::MSWDefWindowProc(unsigned int,unsigned __int64,__int64)" (?MSWDefWindowProc@wxWindow@@UEAA_JI_K_J@Z)
freakyfier.obj : error LNK2001: unresolved external symbol "public: virtual bool __cdecl wxWindow::MSWShouldPreProcessMessage(struct tagMSG *)" (?MSWShouldPreProcessMessage@wxWindow@@UEAA_NPEAUtagMSG@@@Z)
freakyfier.obj : error LNK2001: unresolved external symbol "public: virtual bool __cdecl wxWindow::MSWProcessMessage(struct tagMSG *)" (?MSWProcessMessage@wxWindow@@UEAA_NPEAUtagMSG@@@Z)
freakyfier.obj : error LNK2001: unresolved external symbol "public: virtual void __cdecl wxWindow::MSWDestroyWindow(void)" (?MSWDestroyWindow@wxWindow@@UEAAXXZ)
freakyfier.obj : error LNK2001: unresolved external symbol "public: virtual struct HBRUSH__ * __cdecl wxWindow::MSWGetBgBrushForChild(struct HDC__ *,class wxWindow *)" (?MSWGetBgBrushForChild@wxWindow@@UEAAPEAUHBRUSH__@@PEAUHDC__@@PEAV1@@Z)
freakyfier.obj : error LNK2019: unresolved external symbol "public: bool __cdecl wxWindow::MSWShowWithEffect(bool,enum wxShowEffect,unsigned int)" (?MSWShowWithEffect@wxWindow@@QEAA_N_NW4wxShowEffect@@I@Z) referenced in function "public: virtual bool __cdecl wxWindow::HideWithEffect(enum wxShowEffect,unsigned int)" (?HideWithEffect@wxWindow@@UEAA_NW4wxShowEffect@@I@Z)
freakyfier.obj : error LNK2001: unresolved external symbol "public: virtual void __cdecl wxWindow::SetDoubleBuffered(bool)" (?SetDoubleBuffered@wxWindow@@UEAAX_N@Z)
freakyfier.obj : error LNK2001: unresolved external symbol "public: virtual bool __cdecl wxWindow::IsDoubleBuffered(void)const " (?IsDoubleBuffered@wxWindow@@UEBA_NXZ)
freakyfier.obj : error LNK2001: unresolved external symbol "protected: virtual void __cdecl wxWindow::WXAdjustFontToOwnPPI(class wxFont &)const " (?WXAdjustFontToOwnPPI@wxWindow@@MEBAXAEAVwxFont@@@Z)
freakyfier.obj : error LNK2001: unresolved external symbol "protected: virtual enum wxBorder __cdecl wxWindow::GetDefaultBorderForControl(void)const " (?GetDefaultBorderForControl@wxWindow@@MEBA?AW4wxBorder@@XZ)
freakyfier.obj : error LNK2001: unresolved external symbol "protected: virtual enum wxBorder __cdecl wxWindow::GetDefaultBorder(void)const " (?GetDefaultBorder@wxWindow@@MEBA?AW4wxBorder@@XZ)
freakyfier.obj : error LNK2001: unresolved external symbol "protected: virtual enum wxBorder __cdecl wxWindow::TranslateBorder(enum wxBorder)const " (?TranslateBorder@wxWindow@@MEBA?AW4wxBorder@@W42@@Z)
freakyfier.obj : error LNK2001: unresolved external symbol "protected: virtual bool __cdecl wxWindow::DoPopupMenu(class wxMenu *,int,int)" (?DoPopupMenu@wxWindow@@MEAA_NPEAVwxMenu@@HH@Z)
freakyfier.obj : error LNK2001: unresolved external symbol "protected: virtual void __cdecl wxWindow::DoGetTextExtent(class wxString const &,int *,int *,int *,int *,class wxFont const *)const " (?DoGetTextExtent@wxWindow@@MEBAXAEBVwxString@@PEAH111PEBVwxFont@@@Z)
freakyfier.obj : error LNK2001: unresolved external symbol "protected: virtual void __cdecl wxWindow::DoSetSize(int,int,int,int,int)" (?DoSetSize@wxWindow@@MEAAXHHHHH@Z)
freakyfier.obj : error LNK2001: unresolved external symbol "protected: virtual void __cdecl wxWindow::DoCaptureMouse(void)" (?DoCaptureMouse@wxWindow@@MEAAXXZ)
freakyfier.obj : error LNK2001: unresolved external symbol "protected: virtual void __cdecl wxWindow::DoReleaseMouse(void)" (?DoReleaseMouse@wxWindow@@MEAAXXZ)
freakyfier.obj : error LNK2001: unresolved external symbol "protected: virtual void __cdecl wxWindow::DoEnable(bool)" (?DoEnable@wxWindow@@MEAAX_N@Z)
freakyfier.obj : error LNK2001: unresolved external symbol "protected: virtual void __cdecl wxWindow::DoMoveWindow(int,int,int,int)" (?DoMoveWindow@wxWindow@@MEAAXHHHH@Z)
freakyfier.obj : error LNK2001: unresolved external symbol "protected: virtual void __cdecl wxWindow::DoSetToolTip(class wxToolTip *)" (?DoSetToolTip@wxWindow@@MEAAXPEAVwxToolTip@@@Z)
freakyfier.obj : error LNK2001: unresolved external symbol "public: virtual bool __cdecl wxNonOwnedWindow::Reparent(class wxWindowBase *)" (?Reparent@wxNonOwnedWindow@@UEAA_NPEAVwxWindowBase@@@Z)
freakyfier.obj : error LNK2001: unresolved external symbol "public: virtual bool __cdecl wxNonOwnedWindow::IsThisEnabled(void)const " (?IsThisEnabled@wxNonOwnedWindow@@UEBA_NXZ)
freakyfier.obj : error LNK2001: unresolved external symbol "protected: virtual bool __cdecl wxNonOwnedWindow::DoClearShape(void)" (?DoClearShape@wxNonOwnedWindow@@MEAA_NXZ)
freakyfier.obj : error LNK2001: unresolved external symbol "protected: virtual bool __cdecl wxNonOwnedWindow::DoSetRegionShape(class wxRegion const &)" (?DoSetRegionShape@wxNonOwnedWindow@@MEAA_NAEBVwxRegion@@@Z)
freakyfier.obj : error LNK2001: unresolved external symbol "protected: virtual bool __cdecl wxNonOwnedWindow::DoSetPathShape(class wxGraphicsPath const &)" (?DoSetPathShape@wxNonOwnedWindow@@MEAA_NAEBVwxGraphicsPath@@@Z)
freakyfier.obj : error LNK2001: unresolved external symbol "public: virtual bool __cdecl wxTopLevelWindowBase::IsAlwaysMaximized(void)const " (?IsAlwaysMaximized@wxTopLevelWindowBase@@UEBA_NXZ)
freakyfier.obj : error LNK2001: unresolved external symbol "public: virtual bool __cdecl wxTopLevelWindowBase::IsTopNavigationDomain(enum wxWindowBase::NavigationKind)const " (?IsTopNavigationDomain@wxTopLevelWindowBase@@UEBA_NW4NavigationKind@wxWindowBase@@@Z)
freakyfier.obj : error LNK2001: unresolved external symbol "public: virtual bool __cdecl wxTopLevelWindowBase::Layout(void)" (?Layout@wxTopLevelWindowBase@@UEAA_NXZ)
freakyfier.obj : error LNK2001: unresolved external symbol "public: virtual void __cdecl wxTopLevelWindowBase::GetRectForTopLevelChildren(int *,int *,int *,int *)" (?GetRectForTopLevelChildren@wxTopLevelWindowBase@@UEAAXPEAH000@Z)
freakyfier.obj : error LNK2001: unresolved external symbol "public: virtual void __cdecl wxTopLevelWindowBase::DoUpdateWindowUI(class wxUpdateUIEvent &)" (?DoUpdateWindowUI@wxTopLevelWindowBase@@UEAAXAEAVwxUpdateUIEvent@@@Z)
freakyfier.obj : error LNK2001: unresolved external symbol "public: virtual void __cdecl wxTopLevelWindowBase::SetMinSize(class wxSize const &)" (?SetMinSize@wxTopLevelWindowBase@@UEAAXAEBVwxSize@@@Z)
freakyfier.obj : error LNK2001: unresolved external symbol "public: virtual void __cdecl wxTopLevelWindowBase::SetMaxSize(class wxSize const &)" (?SetMaxSize@wxTopLevelWindowBase@@UEAAXAEBVwxSize@@@Z)
freakyfier.obj : error LNK2001: unresolved external symbol "protected: virtual void __cdecl wxTopLevelWindowBase::DoClientToScreen(int *,int *)const " (?DoClientToScreen@wxTopLevelWindowBase@@MEBAXPEAH0@Z)
freakyfier.obj : error LNK2001: unresolved external symbol "protected: virtual void __cdecl wxTopLevelWindowBase::DoScreenToClient(int *,int *)const " (?DoScreenToClient@wxTopLevelWindowBase@@MEBAXPEAH0@Z)
freakyfier.obj : error LNK2001: unresolved external symbol "protected: virtual void __cdecl wxTopLevelWindowBase::DoCentre(int)" (?DoCentre@wxTopLevelWindowBase@@MEAAXH@Z)
freakyfier.obj : error LNK2001: unresolved external symbol "protected: virtual void * __cdecl wxTopLevelWindowBase::WXReservedTLW1(void *)" (?WXReservedTLW1@wxTopLevelWindowBase@@MEAAPEAXPEAX@Z)
freakyfier.obj : error LNK2001: unresolved external symbol "protected: virtual void * __cdecl wxTopLevelWindowBase::WXReservedTLW2(void *)" (?WXReservedTLW2@wxTopLevelWindowBase@@MEAAPEAXPEAX@Z)
freakyfier.obj : error LNK2001: unresolved external symbol "protected: virtual void * __cdecl wxTopLevelWindowBase::WXReservedTLW3(void *)" (?WXReservedTLW3@wxTopLevelWindowBase@@MEAAPEAXPEAX@Z)
freakyfier.obj : error LNK2001: unresolved external symbol "public: virtual void __cdecl wxTopLevelWindowMSW::SetTitle(class wxString const &)" (?SetTitle@wxTopLevelWindowMSW@@UEAAXAEBVwxString@@@Z)
freakyfier.obj : error LNK2001: unresolved external symbol "public: virtual class wxString __cdecl wxTopLevelWindowMSW::GetTitle(void)const " (?GetTitle@wxTopLevelWindowMSW@@UEBA?AVwxString@@XZ)
freakyfier.obj : error LNK2001: unresolved external symbol "public: virtual void __cdecl wxTopLevelWindowMSW::Maximize(bool)" (?Maximize@wxTopLevelWindowMSW@@UEAAX_N@Z)
freakyfier.obj : error LNK2001: unresolved external symbol "public: virtual bool __cdecl wxTopLevelWindowMSW::IsMaximized(void)const " (?IsMaximized@wxTopLevelWindowMSW@@UEBA_NXZ)
freakyfier.obj : error LNK2001: unresolved external symbol "public: virtual void __cdecl wxTopLevelWindowMSW::Iconize(bool)" (?Iconize@wxTopLevelWindowMSW@@UEAAX_N@Z)
freakyfier.obj : error LNK2001: unresolved external symbol "public: virtual bool __cdecl wxTopLevelWindowMSW::IsIconized(void)const " (?IsIconized@wxTopLevelWindowMSW@@UEBA_NXZ)
freakyfier.obj : error LNK2001: unresolved external symbol "public: virtual void __cdecl wxTopLevelWindowMSW::SetIcons(class wxIconBundle const &)" (?SetIcons@wxTopLevelWindowMSW@@UEAAXAEBVwxIconBundle@@@Z)
freakyfier.obj : error LNK2001: unresolved external symbol "public: virtual void __cdecl wxTopLevelWindowMSW::Restore(void)" (?Restore@wxTopLevelWindowMSW@@UEAAXXZ)
freakyfier.obj : error LNK2001: unresolved external symbol "public: virtual bool __cdecl wxTopLevelWindowMSW::Destroy(void)" (?Destroy@wxTopLevelWindowMSW@@UEAA_NXZ)
freakyfier.obj : error LNK2001: unresolved external symbol "public: virtual void __cdecl wxTopLevelWindowMSW::SetLayoutDirection(enum wxLayoutDirection)" (?SetLayoutDirection@wxTopLevelWindowMSW@@UEAAXW4wxLayoutDirection@@@Z)
freakyfier.obj : error LNK2001: unresolved external symbol "public: virtual void __cdecl wxTopLevelWindowMSW::RequestUserAttention(int)" (?RequestUserAttention@wxTopLevelWindowMSW@@UEAAXH@Z)
freakyfier.obj : error LNK2001: unresolved external symbol "public: virtual bool __cdecl wxTopLevelWindowMSW::Show(bool)" (?Show@wxTopLevelWindowMSW@@UEAA_N_N@Z)
freakyfier.obj : error LNK2001: unresolved external symbol "public: virtual void __cdecl wxTopLevelWindowMSW::Raise(void)" (?Raise@wxTopLevelWindowMSW@@UEAAXXZ)
freakyfier.obj : error LNK2001: unresolved external symbol "public: virtual void __cdecl wxTopLevelWindowMSW::ShowWithoutActivating(void)" (?ShowWithoutActivating@wxTopLevelWindowMSW@@UEAAXXZ)
freakyfier.obj : error LNK2001: unresolved external symbol "public: virtual enum wxContentProtection __cdecl wxTopLevelWindowMSW::GetContentProtection(void)const " (?GetContentProtection@wxTopLevelWindowMSW@@UEBA?AW4wxContentProtection@@XZ)
freakyfier.obj : error LNK2001: unresolved external symbol "public: virtual bool __cdecl wxTopLevelWindowMSW::SetContentProtection(enum wxContentProtection)" (?SetContentProtection@wxTopLevelWindowMSW@@UEAA_NW4wxContentProtection@@@Z)
freakyfier.obj : error LNK2001: unresolved external symbol "public: virtual bool __cdecl wxTopLevelWindowMSW::EnableCloseButton(bool)" (?EnableCloseButton@wxTopLevelWindowMSW@@UEAA_N_N@Z)
freakyfier.obj : error LNK2001: unresolved external symbol "public: virtual bool __cdecl wxTopLevelWindowMSW::EnableMaximizeButton(bool)" (?EnableMaximizeButton@wxTopLevelWindowMSW@@UEAA_N_N@Z)
freakyfier.obj : error LNK2001: unresolved external symbol "public: virtual bool __cdecl wxTopLevelWindowMSW::EnableMinimizeButton(bool)" (?EnableMinimizeButton@wxTopLevelWindowMSW@@UEAA_N_N@Z)
freakyfier.obj : error LNK2001: unresolved external symbol "public: virtual bool __cdecl wxTopLevelWindowMSW::SetTransparent(unsigned char)" (?SetTransparent@wxTopLevelWindowMSW@@UEAA_NE@Z)
freakyfier.obj : error LNK2001: unresolved external symbol "public: virtual bool __cdecl wxTopLevelWindowMSW::CanSetTransparent(void)" (?CanSetTransparent@wxTopLevelWindowMSW@@UEAA_NXZ)
freakyfier.obj : error LNK2001: unresolved external symbol "public: virtual unsigned long __cdecl wxTopLevelWindowMSW::MSWGetStyle(long,unsigned long *)const " (?MSWGetStyle@wxTopLevelWindowMSW@@UEBAKJPEAK@Z)
freakyfier.obj : error LNK2001: unresolved external symbol "public: virtual struct HWND__ * __cdecl wxTopLevelWindowMSW::MSWGetParent(void)const " (?MSWGetParent@wxTopLevelWindowMSW@@UEBAPEAUHWND__@@XZ)
freakyfier.obj : error LNK2001: unresolved external symbol "protected: virtual void __cdecl wxTopLevelWindowMSW::DoGetPosition(int *,int *)const " (?DoGetPosition@wxTopLevelWindowMSW@@MEBAXPEAH0@Z)
freakyfier.obj : error LNK2001: unresolved external symbol "protected: virtual void __cdecl wxTopLevelWindowMSW::DoGetSize(int *,int *)const " (?DoGetSize@wxTopLevelWindowMSW@@MEBAXPEAH0@Z)
freakyfier.obj : error LNK2001: unresolved external symbol "protected: virtual void __cdecl wxTopLevelWindowMSW::DoFreeze(void)" (?DoFreeze@wxTopLevelWindowMSW@@MEAAXXZ)
freakyfier.obj : error LNK2001: unresolved external symbol "protected: virtual void __cdecl wxTopLevelWindowMSW::DoThaw(void)" (?DoThaw@wxTopLevelWindowMSW@@MEAAXXZ)
freakyfier.obj : error LNK2001: unresolved external symbol "protected: virtual void __cdecl wxTopLevelWindowMSW::MSWGetCreateWindowCoords(class wxPoint const &,class wxSize const &,int &,int &,int &,int &)const " (?MSWGetCreateWindowCoords@wxTopLevelWindowMSW@@MEBAXAEBVwxPoint@@AEBVwxSize@@AEAH222@Z)
freakyfier.obj : error LNK2001: unresolved external symbol "protected: virtual void __cdecl wxTopLevelWindowMSW::MSWUpdateFontOnDPIChange(class wxSize const &)" (?MSWUpdateFontOnDPIChange@wxTopLevelWindowMSW@@MEAAXAEBVwxSize@@@Z)
freakyfier.obj : error LNK2019: unresolved external symbol "public: __cdecl wxFrameBase::wxFrameBase(void)" (??0wxFrameBase@@QEAA@XZ) referenced in function "public: __cdecl wxFrame::wxFrame(class wxWindow *,int,class wxString const &,class wxPoint const &,class wxSize const &,long,class wxString const &)" (??0wxFrame@@QEAA@PEAVwxWindow@@HAEBVwxString@@AEBVwxPoint@@AEBVwxSize@@J1@Z)
freakyfier.obj : error LNK2019: unresolved external symbol "public: virtual __cdecl wxFrameBase::~wxFrameBase(void)" (??1wxFrameBase@@UEAA@XZ) referenced in function "int `public: __cdecl wxFrame::wxFrame(class wxWindow *,int,class wxString const &,class wxPoint const &,class wxSize const &,long,class wxString const &)'::`1'::dtor$0" (?dtor$0@?0???0wxFrame@@QEAA@PEAVwxWindow@@HAEBVwxString@@AEBVwxPoint@@AEBVwxSize@@J1@Z@4HA)
freakyfier.obj : error LNK2001: unresolved external symbol "public: virtual void __cdecl wxFrameBase::SetMenuBar(class wxMenuBar *)" (?SetMenuBar@wxFrameBase@@UEAAXPEAVwxMenuBar@@@Z)
freakyfier.obj : error LNK2001: unresolved external symbol "public: virtual class wxMenuItem * __cdecl wxFrameBase::FindItemInMenuBar(int)const " (?FindItemInMenuBar@wxFrameBase@@UEBAPEAVwxMenuItem@@H@Z)
freakyfier.obj : error LNK2001: unresolved external symbol "public: virtual class wxStatusBar * __cdecl wxFrameBase::CreateStatusBar(int,long,int,class wxString const &)" (?CreateStatusBar@wxFrameBase@@UEAAPEAVwxStatusBar@@HJHAEBVwxString@@@Z)
freakyfier.obj : error LNK2001: unresolved external symbol "public: virtual void __cdecl wxFrameBase::SetStatusBar(class wxStatusBar *)" (?SetStatusBar@wxFrameBase@@UEAAXPEAVwxStatusBar@@@Z)
freakyfier.obj : error LNK2001: unresolved external symbol "public: virtual void __cdecl wxFrameBase::SetStatusText(class wxString const &,int)" (?SetStatusText@wxFrameBase@@UEAAXAEBVwxString@@H@Z)
freakyfier.obj : error LNK2001: unresolved external symbol "public: virtual void __cdecl wxFrameBase::SetStatusWidths(int,int const * const)" (?SetStatusWidths@wxFrameBase@@UEAAXHQEBH@Z)
freakyfier.obj : error LNK2001: unresolved external symbol "public: virtual class wxToolBar * __cdecl wxFrameBase::OnCreateToolBar(long,int,class wxString const &)" (?OnCreateToolBar@wxFrameBase@@UEAAPEAVwxToolBar@@JHAEBVwxString@@@Z)
freakyfier.obj : error LNK2001: unresolved external symbol "public: virtual void __cdecl wxFrameBase::SetToolBar(class wxToolBar *)" (?SetToolBar@wxFrameBase@@UEAAXPEAVwxToolBar@@@Z)
freakyfier.obj : error LNK2001: unresolved external symbol "public: virtual void __cdecl wxFrameBase::DoMenuUpdates(class wxMenu *)" (?DoMenuUpdates@wxFrameBase@@UEAAXPEAVwxMenu@@@Z)
freakyfier.obj : error LNK2001: unresolved external symbol "public: virtual void __cdecl wxFrameBase::UpdateWindowUI(long)" (?UpdateWindowUI@wxFrameBase@@UEAAXJ@Z)
freakyfier.obj : error LNK2001: unresolved external symbol "public: virtual void __cdecl wxFrameBase::OnInternalIdle(void)" (?OnInternalIdle@wxFrameBase@@UEAAXXZ)
freakyfier.obj : error LNK2001: unresolved external symbol "public: virtual void __cdecl wxFrameBase::DoGiveHelp(class wxString const &,bool)" (?DoGiveHelp@wxFrameBase@@UEAAXAEBVwxString@@_N@Z)
freakyfier.obj : error LNK2001: unresolved external symbol "protected: virtual bool __cdecl wxFrameBase::IsOneOfBars(class wxWindow const *)const " (?IsOneOfBars@wxFrameBase@@MEBA_NPEBVwxWindow@@@Z)
freakyfier.obj : error LNK2001: unresolved external symbol "protected: virtual void __cdecl wxFrameBase::DetachMenuBar(void)" (?DetachMenuBar@wxFrameBase@@MEAAXXZ)
freakyfier.obj : error LNK2019: unresolved external symbol "public: bool __cdecl wxFrame::Create(class wxWindow *,int,class wxString const &,class wxPoint const &,class wxSize const &,long,class wxString const &)" (?Create@wxFrame@@QEAA_NPEAVwxWindow@@HAEBVwxString@@AEBVwxPoint@@AEBVwxSize@@J1@Z) referenced in function "public: __cdecl wxFrame::wxFrame(class wxWindow *,int,class wxString const &,class wxPoint const &,class wxSize const &,long,class wxString const &)" (??0wxFrame@@QEAA@PEAVwxWindow@@HAEBVwxString@@AEBVwxPoint@@AEBVwxSize@@J1@Z)
freakyfier.obj : error LNK2019: unresolved external symbol "public: virtual __cdecl wxFrame::~wxFrame(void)" (??1wxFrame@@UEAA@XZ) referenced in function "int `public: __cdecl MyFrame::MyFrame(void)'::`1'::dtor$2" (?dtor$2@?0???0MyFrame@@QEAA@XZ@4HA)
freakyfier.obj : error LNK2001: unresolved external symbol "public: virtual bool __cdecl wxFrame::ShowFullScreen(bool,long)" (?ShowFullScreen@wxFrame@@UEAA_N_NJ@Z)
freakyfier.obj : error LNK2001: unresolved external symbol "public: virtual class wxToolBar * __cdecl wxFrame::CreateToolBar(long,int,class wxString const &)" (?CreateToolBar@wxFrame@@UEAAPEAVwxToolBar@@JHAEBVwxString@@@Z)
freakyfier.obj : error LNK2001: unresolved external symbol "public: virtual class wxStatusBar * __cdecl wxFrame::OnCreateStatusBar(int,long,int,class wxString const &)" (?OnCreateStatusBar@wxFrame@@UEAAPEAVwxStatusBar@@HJHAEBVwxString@@@Z)
freakyfier.obj : error LNK2001: unresolved external symbol "public: virtual void __cdecl wxFrame::SendSizeEvent(int)" (?SendSizeEvent@wxFrame@@UEAAXH@Z)
freakyfier.obj : error LNK2001: unresolved external symbol "public: virtual class wxPoint __cdecl wxFrame::GetClientAreaOrigin(void)const " (?GetClientAreaOrigin@wxFrame@@UEBA?AVwxPoint@@XZ)
freakyfier.obj : error LNK2001: unresolved external symbol "public: virtual __int64 __cdecl wxFrame::MSWWindowProc(unsigned int,unsigned __int64,__int64)" (?MSWWindowProc@wxFrame@@UEAA_JI_K_J@Z)
freakyfier.obj : error LNK2001: unresolved external symbol "public: virtual bool __cdecl wxFrame::HandleMenuSelect(unsigned short,unsigned short,struct HMENU__ *)" (?HandleMenuSelect@wxFrame@@UEAA_NGGPEAUHMENU__@@@Z)
freakyfier.obj : error LNK2001: unresolved external symbol "public: virtual bool __cdecl wxFrame::DoSendMenuOpenCloseEvent(int,class wxMenu *)" (?DoSendMenuOpenCloseEvent@wxFrame@@UEAA_NHPEAVwxMenu@@@Z)
freakyfier.obj : error LNK2001: unresolved external symbol "public: virtual class wxMenu * __cdecl wxFrame::MSWFindMenuFromHMENU(struct HMENU__ *)" (?MSWFindMenuFromHMENU@wxFrame@@UEAAPEAVwxMenu@@PEAUHMENU__@@@Z)
freakyfier.obj : error LNK2019: unresolved external symbol "protected: void __cdecl wxFrame::Init(void)" (?Init@wxFrame@@IEAAXXZ) referenced in function "public: __cdecl wxFrame::wxFrame(class wxWindow *,int,class wxString const &,class wxPoint const &,class wxSize const &,long,class wxString const &)" (??0wxFrame@@QEAA@PEAVwxWindow@@HAEBVwxString@@AEBVwxPoint@@AEBVwxSize@@J1@Z)
freakyfier.obj : error LNK2001: unresolved external symbol "protected: virtual void __cdecl wxFrame::DoGetClientSize(int *,int *)const " (?DoGetClientSize@wxFrame@@MEBAXPEAH0@Z)
freakyfier.obj : error LNK2001: unresolved external symbol "protected: virtual void __cdecl wxFrame::DoSetClientSize(int,int)" (?DoSetClientSize@wxFrame@@MEAAXHH@Z)
freakyfier.obj : error LNK2001: unresolved external symbol "protected: virtual void __cdecl wxFrame::AttachMenuBar(class wxMenuBar *)" (?AttachMenuBar@wxFrame@@MEAAXPEAVwxMenuBar@@@Z)
freakyfier.obj : error LNK2001: unresolved external symbol "protected: virtual void __cdecl wxFrame::InternalSetMenuBar(void)" (?InternalSetMenuBar@wxFrame@@MEAAXXZ)
freakyfier.obj : error LNK2019: unresolved external symbol "protected: bool __cdecl wxFrame::MSWDoTranslateMessage(class wxFrame *,struct tagMSG *)" (?MSWDoTranslateMessage@wxFrame@@IEAA_NPEAV1@PEAUtagMSG@@@Z) referenced in function "public: virtual bool __cdecl wxFrame::MSWTranslateMessage(struct tagMSG *)" (?MSWTranslateMessage@wxFrame@@UEAA_NPEAUtagMSG@@@Z)
freakyfier.obj : error LNK2001: unresolved external symbol "protected: virtual struct HICON__ * __cdecl wxFrame::GetDefaultIcon(void)const " (?GetDefaultIcon@wxFrame@@MEBAPEAUHICON__@@XZ)
freakyfier.obj : error LNK2001: unresolved external symbol "protected: virtual void __cdecl wxFrame::PositionToolBar(void)" (?PositionToolBar@wxFrame@@MEAAXXZ)
freakyfier.obj : error LNK2001: unresolved external symbol "protected: virtual void __cdecl wxFrame::PositionStatusBar(void)" (?PositionStatusBar@wxFrame@@MEAAXXZ)
freakyfier.obj : error LNK2001: unresolved external symbol "protected: virtual struct wxEventTable const * __cdecl wxFrame::GetEventTable(void)const " (?GetEventTable@wxFrame@@MEBAPEBUwxEventTable@@XZ)
freakyfier.obj : error LNK2001: unresolved external symbol "protected: virtual class wxEventHashTable & __cdecl wxFrame::GetEventHashTable(void)const " (?GetEventHashTable@wxFrame@@MEBAAEAVwxEventHashTable@@XZ)
freakyfier.obj : error LNK2001: unresolved external symbol "public: virtual class wxClassInfo * __cdecl wxFrame::GetClassInfo(void)const " (?GetClassInfo@wxFrame@@UEBAPEAVwxClassInfo@@XZ)
freakyfier.obj : error LNK2019: unresolved external symbol "public: __cdecl wxTextCtrl::wxTextCtrl(class wxWindow *,int,class wxString const &,class wxPoint const &,class wxSize const &,long,class wxValidator const &,class wxString const &)" (??0wxTextCtrl@@QEAA@PEAVwxWindow@@HAEBVwxString@@AEBVwxPoint@@AEBVwxSize@@JAEBVwxValidator@@1@Z) referenced in function "public: __cdecl MyFrame::MyFrame(void)" (??0MyFrame@@QEAA@XZ)
freakyfier.obj : error LNK2019: unresolved external symbol "public: __cdecl wxSizerItem::wxSizerItem(class wxWindow *,int,int,int,class wxObject *)" (??0wxSizerItem@@QEAA@PEAVwxWindow@@HHHPEAVwxObject@@@Z) referenced in function "public: class wxSizerItem * __cdecl wxSizer::Add(class wxWindow *,int,int,int,class wxObject *)" (?Add@wxSizer@@QEAAPEAVwxSizerItem@@PEAVwxWindow@@HHHPEAVwxObject@@@Z)
freakyfier.obj : error LNK2019: unresolved external symbol "public: __cdecl wxSizerItem::wxSizerItem(int,int,int,int,int,class wxObject *)" (??0wxSizerItem@@QEAA@HHHHHPEAVwxObject@@@Z) referenced in function "public: class wxSizerItem * __cdecl wxSizer::Add(int,int,int,int,int,class wxObject *)" (?Add@wxSizer@@QEAAPEAVwxSizerItem@@HHHHHPEAVwxObject@@@Z)
freakyfier.obj : error LNK2001: unresolved external symbol "protected: virtual void __cdecl wxwxSizerItemListNode::DeleteData(void)" (?DeleteData@wxwxSizerItemListNode@@MEAAXXZ)
freakyfier.obj : error LNK2019: unresolved external symbol "public: virtual __cdecl wxSizer::~wxSizer(void)" (??1wxSizer@@UEAA@XZ) referenced in function "int `public: __cdecl wxBoxSizer::wxBoxSizer(int)'::`1'::dtor$0" (?dtor$0@?0???0wxBoxSizer@@QEAA@H@Z@4HA)
freakyfier.obj : error LNK2001: unresolved external symbol "public: virtual bool __cdecl wxSizer::Remove(class wxSizer *)" (?Remove@wxSizer@@UEAA_NPEAV1@@Z)
freakyfier.obj : error LNK2001: unresolved external symbol "public: virtual bool __cdecl wxSizer::Remove(int)" (?Remove@wxSizer@@UEAA_NH@Z)
freakyfier.obj : error LNK2001: unresolved external symbol "public: virtual bool __cdecl wxSizer::Detach(class wxWindow *)" (?Detach@wxSizer@@UEAA_NPEAVwxWindow@@@Z)
freakyfier.obj : error LNK2001: unresolved external symbol "public: virtual bool __cdecl wxSizer::Detach(class wxSizer *)" (?Detach@wxSizer@@UEAA_NPEAV1@@Z)
freakyfier.obj : error LNK2001: unresolved external symbol "public: virtual bool __cdecl wxSizer::Detach(int)" (?Detach@wxSizer@@UEAA_NH@Z)
freakyfier.obj : error LNK2001: unresolved external symbol "public: virtual bool __cdecl wxSizer::Replace(class wxWindow *,class wxWindow *,bool)" (?Replace@wxSizer@@UEAA_NPEAVwxWindow@@0_N@Z)
freakyfier.obj : error LNK2001: unresolved external symbol "public: virtual bool __cdecl wxSizer::Replace(class wxSizer *,class wxSizer *,bool)" (?Replace@wxSizer@@UEAA_NPEAV1@0_N@Z)
freakyfier.obj : error LNK2001: unresolved external symbol "public: virtual bool __cdecl wxSizer::Replace(unsigned __int64,class wxSizerItem *)" (?Replace@wxSizer@@UEAA_N_KPEAVwxSizerItem@@@Z)
freakyfier.obj : error LNK2001: unresolved external symbol "public: virtual void __cdecl wxSizer::Clear(bool)" (?Clear@wxSizer@@UEAAX_N@Z)
freakyfier.obj : error LNK2001: unresolved external symbol "public: virtual void __cdecl wxSizer::DeleteWindows(void)" (?DeleteWindows@wxSizer@@UEAAXXZ)
freakyfier.obj : error LNK2001: unresolved external symbol "public: virtual void __cdecl wxSizer::RecalcSizes(void)" (?RecalcSizes@wxSizer@@UEAAXXZ)
freakyfier.obj : error LNK2001: unresolved external symbol "public: virtual void __cdecl wxSizer::Layout(void)" (?Layout@wxSizer@@UEAAXXZ)
freakyfier.obj : error LNK2001: unresolved external symbol "public: virtual void __cdecl wxSizer::ShowItems(bool)" (?ShowItems@wxSizer@@UEAAX_N@Z)
freakyfier.obj : error LNK2001: unresolved external symbol "public: virtual bool __cdecl wxSizer::AreAnyItemsShown(void)const " (?AreAnyItemsShown@wxSizer@@UEBA_NXZ)
freakyfier.obj : error LNK2001: unresolved external symbol "protected: virtual void __cdecl wxSizer::DoSetMinSize(int,int)" (?DoSetMinSize@wxSizer@@MEAAXHH@Z)
freakyfier.obj : error LNK2001: unresolved external symbol "protected: virtual bool __cdecl wxSizer::DoSetItemMinSize(class wxWindow *,int,int)" (?DoSetItemMinSize@wxSizer@@MEAA_NPEAVwxWindow@@HH@Z)
freakyfier.obj : error LNK2001: unresolved external symbol "protected: virtual bool __cdecl wxSizer::DoSetItemMinSize(class wxSizer *,int,int)" (?DoSetItemMinSize@wxSizer@@MEAA_NPEAV1@HH@Z)
freakyfier.obj : error LNK2001: unresolved external symbol "protected: virtual bool __cdecl wxSizer::DoSetItemMinSize(unsigned __int64,int,int)" (?DoSetItemMinSize@wxSizer@@MEAA_N_KHH@Z)
freakyfier.obj : error LNK2001: unresolved external symbol "protected: virtual class wxSizerItem * __cdecl wxSizer::DoInsert(unsigned __int64,class wxSizerItem *)" (?DoInsert@wxSizer@@MEAAPEAVwxSizerItem@@_KPEAV2@@Z)
freakyfier.obj : error LNK2001: unresolved external symbol "public: virtual class wxClassInfo * __cdecl wxSizer::GetClassInfo(void)const " (?GetClassInfo@wxSizer@@UEBAPEAVwxClassInfo@@XZ)
freakyfier.obj : error LNK2001: unresolved external symbol "public: virtual class wxSizerItem * __cdecl wxBoxSizer::AddSpacer(int)" (?AddSpacer@wxBoxSizer@@UEAAPEAVwxSizerItem@@H@Z)
freakyfier.obj : error LNK2001: unresolved external symbol "public: virtual class wxSize __cdecl wxBoxSizer::CalcMin(void)" (?CalcMin@wxBoxSizer@@UEAA?AVwxSize@@XZ)
freakyfier.obj : error LNK2001: unresolved external symbol "public: virtual void __cdecl wxBoxSizer::RepositionChildren(class wxSize const &)" (?RepositionChildren@wxBoxSizer@@UEAAXAEBVwxSize@@@Z)
freakyfier.obj : error LNK2001: unresolved external symbol "public: virtual bool __cdecl wxBoxSizer::InformFirstDirection(int,int,int)" (?InformFirstDirection@wxBoxSizer@@UEAA_NHHH@Z)
freakyfier.obj : error LNK2001: unresolved external symbol "protected: virtual class wxSizerItem * __cdecl wxBoxSizer::DoInsert(unsigned __int64,class wxSizerItem *)" (?DoInsert@wxBoxSizer@@MEAAPEAVwxSizerItem@@_KPEAV2@@Z)
freakyfier.obj : error LNK2001: unresolved external symbol "public: virtual class wxClassInfo * __cdecl wxBoxSizer::GetClassInfo(void)const " (?GetClassInfo@wxBoxSizer@@UEBAPEAVwxClassInfo@@XZ)
freakyfier.obj : error LNK2001: unresolved external symbol "void (__cdecl* wxTheAssertHandler)(class wxString const &,int,class wxString const &,class wxString const &,class wxString const &)" (?wxTheAssertHandler@@3P6AXAEBVwxString@@H000@ZEA)
freakyfier.obj : error LNK2001: unresolved external symbol "bool wxTrapInAssert" (?wxTrapInAssert@@3_NA)
freakyfier.obj : error LNK2001: unresolved external symbol "class wxMBConv * wxConvLibcPtr" (?wxConvLibcPtr@@3PEAVwxMBConv@@EA)
freakyfier.obj : error LNK2001: unresolved external symbol "public: static unsigned __int64 const wxString::npos" (?npos@wxString@@2_KB)
freakyfier.obj : error LNK2001: unresolved external symbol "class wxSize const wxDefaultSize" (?wxDefaultSize@@3VwxSize@@B)
freakyfier.obj : error LNK2001: unresolved external symbol "class wxPoint const wxDefaultPosition" (?wxDefaultPosition@@3VwxPoint@@B)
freakyfier.obj : error LNK2001: unresolved external symbol "class wxEventTypeTag<class wxCommandEvent> const wxEVT_TEXT" (?wxEVT_TEXT@@3V?$wxEventTypeTag@VwxCommandEvent@@@@B)
freakyfier.obj : error LNK2001: unresolved external symbol "protected: static class wxAppConsole * (__cdecl* wxAppConsoleBase::ms_appInitFn)(void)" (?ms_appInitFn@wxAppConsoleBase@@1P6APEAVwxAppConsole@@XZEA)
freakyfier.obj : error LNK2001: unresolved external symbol "protected: static class wxAppConsole * wxAppConsoleBase::ms_appInstance" (?ms_appInstance@wxAppConsoleBase@@1PEAVwxAppConsole@@EA)
freakyfier.obj : error LNK2001: unresolved external symbol "class wxValidator const wxDefaultValidator" (?wxDefaultValidator@@3VwxValidator@@B)
freakyfier.obj : error LNK2001: unresolved external symbol "char const * const wxFrameNameStr" (?wxFrameNameStr@@3QBDB)
freakyfier.obj : error LNK2001: unresolved external symbol "char const * const wxTextCtrlNameStr" (?wxTextCtrlNameStr@@3QBDB)
C:\wxWidgets-3.2.6\lib\vc_lib\wxbase32ud.lib : warning LNK4272: library machine type 'x86' conflicts with target machine type 'x64'
C:\wxWidgets-3.2.6\lib\vc_lib\wxbase32ud_net.lib : warning LNK4272: library machine type 'x86' conflicts with target machine type 'x64'
C:\wxWidgets-3.2.6\lib\vc_lib\wxbase32ud_xml.lib : warning LNK4272: library machine type 'x86' conflicts with target machine type 'x64'
C:\wxWidgets-3.2.6\lib\vc_lib\wxexpatd.lib : warning LNK4272: library machine type 'x86' conflicts with target machine type 'x64'
C:\wxWidgets-3.2.6\lib\vc_lib\wxregexud.lib : warning LNK4272: library machine type 'x86' conflicts with target machine type 'x64'
C:\wxWidgets-3.2.6\lib\vc_lib\wxzlibd.lib : warning LNK4272: library machine type 'x86' conflicts with target machine type 'x64'
C:\wxWidgets-3.2.6\lib\vc_lib\wxjpegd.lib : warning LNK4272: library machine type 'x86' conflicts with target machine type 'x64'
C:\wxWidgets-3.2.6\lib\vc_lib\wxpngd.lib : warning LNK4272: library machine type 'x86' conflicts with target machine type 'x64'
C:\wxWidgets-3.2.6\lib\vc_lib\wxtiffd.lib : warning LNK4272: library machine type 'x86' conflicts with target machine type 'x64'
C:\wxWidgets-3.2.6\lib\vc_lib\wxscintillad.lib : warning LNK4272: library machine type 'x86' conflicts with target machine type 'x64'
C:\wxWidgets-3.2.6\lib\vc_lib\wxmsw32ud_core.lib : warning LNK4272: library machine type 'x86' conflicts with target machine type 'x64'
C:\wxWidgets-3.2.6\lib\vc_lib\wxmsw32ud_html.lib : warning LNK4272: library machine type 'x86' conflicts with target machine type 'x64'
C:\wxWidgets-3.2.6\lib\vc_lib\wxmsw32ud_qa.lib : warning LNK4272: library machine type 'x86' conflicts with target machine type 'x64'
C:\wxWidgets-3.2.6\lib\vc_lib\wxmsw32ud_xrc.lib : warning LNK4272: library machine type 'x86' conflicts with target machine type 'x64'
C:\wxWidgets-3.2.6\lib\vc_lib\wxmsw32ud_aui.lib : warning LNK4272: library machine type 'x86' conflicts with target machine type 'x64'
C:\wxWidgets-3.2.6\lib\vc_lib\wxmsw32ud_propgrid.lib : warning LNK4272: library machine type 'x86' conflicts with target machine type 'x64'
C:\wxWidgets-3.2.6\lib\vc_lib\wxmsw32ud_ribbon.lib : warning LNK4272: library machine type 'x86' conflicts with target machine type 'x64'
C:\wxWidgets-3.2.6\lib\vc_lib\wxmsw32ud_richtext.lib : warning LNK4272: library machine type 'x86' conflicts with target machine type 'x64'
C:\wxWidgets-3.2.6\lib\vc_lib\wxmsw32ud_media.lib : warning LNK4272: library machine type 'x86' conflicts with target machine type 'x64'
C:\wxWidgets-3.2.6\lib\vc_lib\wxmsw32ud_stc.lib : warning LNK4272: library machine type 'x86' conflicts with target machine type 'x64'
C:\wxWidgets-3.2.6\lib\vc_lib\wxmsw32ud_webview.lib : warning LNK4272: library machine type 'x86' conflicts with target machine type 'x64'
C:\wxWidgets-3.2.6\lib\vc_lib\wxmsw32ud_gl.lib : warning LNK4272: library machine type 'x86' conflicts with target machine type 'x64'
C:\Users\harle\Downloads\freakyfierCPP\Freakyfier\x64\Debug\Freakyfier.exe : fatal error LNK1120: 338 unresolved externals
